<?xml version="1.0" encoding="UTF-8"?>
<testsuite name="otherpackage.Sample2" tests="1" skipped="0" failures="0" errors="0" timestamp="2019-08-27T07:21:28" hostname="Supis-MacBook-Pro.local" time="0.014">
  <properties/>
  <testcase name="testConcatenate" classname="otherpackage.Sample2" time="0.014"/>
  <system-out><![CDATA[]]></system-out>
  <system-err><![CDATA[]]></system-err>
</testsuite>
