<?xml version="1.0" encoding="UTF-8"?>
<testsuite name="RuleTester" tests="1" skipped="0" failures="0" errors="0" timestamp="2019-08-27T07:21:28" hostname="Supis-MacBook-Pro.local" time="0.004">
  <properties/>
  <testcase name="testUsingTempFolder" classname="RuleTester" time="0.004"/>
  <system-out><![CDATA[]]></system-out>
  <system-err><![CDATA[]]></system-err>
</testsuite>
